error[E0277]: the trait bound `Role: HasVariant<2, "user">` is not satisfied
  --> tests/fail-nightly/enum_extra_variant.rs:26:59
   |
26 |     let _: Vec<User> = sql!("SELECT id, role FROM users").await.unwrap();
   |                                                          -^^^^^ the trait `HasVariant<2, "user">` is not implemented for `Role`
   |                                                          |
   |                                                          help: remove the `.await`
   |
   = help: the following other types implement trait `HasVariant<N, NAME>`:
             <Role as HasVariant<3, "admin">>
             <Role as HasVariant<3, "moderator">>
             <Role as HasVariant<3, "user">>
note: required for `Cols` to implement `HasColumn<Role, "role">`
  --> tests/fail-nightly/enum_extra_variant.rs:26:24
   |
26 |     let _: Vec<User> = sql!("SELECT id, role FROM users").await.unwrap();
   |                        ^^^^^^^^^^^^^^^^^^^^^^^^^^^^^^^^^^
note: required for `User` to implement `FromRow<Cols>`
  --> tests/fail-nightly/enum_extra_variant.rs:18:32
   |
18 | #[derive(Debug, PartialEq, Eq, FromRow)]
   |                                ^^^^^^^ unsatisfied trait bound introduced in this `derive` macro
19 | struct User {
   |        ^^^^
   = note: required for `Vec<User>` to implement `Query<Cols>`
   = note: required for `Sql<'_, Cols, Vec<User>>` to implement `IntoFuture`
   = note: this error originates in the macro `sql` which comes from the expansion of the derive macro `FromRow` (in Nightly builds, run with -Z macro-backtrace for more info)

error[E0277]: the trait bound `Role: HasVariant<2, "admin">` is not satisfied
  --> tests/fail-nightly/enum_extra_variant.rs:26:59
   |
26 |     let _: Vec<User> = sql!("SELECT id, role FROM users").await.unwrap();
   |                                                          -^^^^^ the trait `HasVariant<2, "admin">` is not implemented for `Role`
   |                                                          |
   |                                                          help: remove the `.await`
   |
   = help: the following other types implement trait `HasVariant<N, NAME>`:
             <Role as HasVariant<3, "admin">>
             <Role as HasVariant<3, "moderator">>
             <Role as HasVariant<3, "user">>
note: required for `Cols` to implement `HasColumn<Role, "role">`
  --> tests/fail-nightly/enum_extra_variant.rs:26:24
   |
26 |     let _: Vec<User> = sql!("SELECT id, role FROM users").await.unwrap();
   |                        ^^^^^^^^^^^^^^^^^^^^^^^^^^^^^^^^^^
note: required for `User` to implement `FromRow<Cols>`
  --> tests/fail-nightly/enum_extra_variant.rs:18:32
   |
18 | #[derive(Debug, PartialEq, Eq, FromRow)]
   |                                ^^^^^^^ unsatisfied trait bound introduced in this `derive` macro
19 | struct User {
   |        ^^^^
   = note: required for `Vec<User>` to implement `Query<Cols>`
   = note: required for `Sql<'_, Cols, Vec<User>>` to implement `IntoFuture`
   = note: this error originates in the macro `sql` which comes from the expansion of the derive macro `FromRow` (in Nightly builds, run with -Z macro-backtrace for more info)
